<?xml version="1.0" encoding="UTF-8"?>
<!-- Generated by org.testng.reporters.JUnitReportReporter -->
<testsuite hostname="win" name="com.qa.test.TestPageLogin" tests="3" failures="0" timestamp="5 Dec 2018 20:22:43 GMT" time="87.231" errors="0">
  <testcase name="logoimagetest" time="14.988" classname="com.qa.test.TestPageLogin"/>
  <testcase name="loginpagetitletest" time="42.663" classname="com.qa.test.TestPageLogin"/>
  <testcase name="signintest" time="29.580" classname="com.qa.test.TestPageLogin"/>
</testsuite> <!-- com.qa.test.TestPageLogin -->
